[22:12:12] [Server thread/INFO]: Starting minecraft server version 1.12.2
[22:12:12] [Server thread/INFO]: Loading properties
[22:12:12] [Server thread/INFO]: Default game type: SURVIVAL
[22:12:12] [Server thread/INFO]: This server is running CraftBukkit version git-Spigot-dcd1643-e60fc34 (MC: 1.12.2) (Implementing API version 1.12.2-R0.1-SNAPSHOT)
[22:12:12] [Server thread/INFO]: Debug logging is disabled
[22:12:12] [Server thread/INFO]: Server Ping Player Sample Count: 12
[22:12:12] [Server thread/INFO]: Using 4 threads for Netty based IO
[22:12:12] [Server thread/INFO]: Generating keypair
[22:12:12] [Server thread/INFO]: Starting Minecraft server on *:25565
[22:12:12] [Server thread/INFO]: Using default channel type
[22:12:13] [Server thread/INFO]: Set PluginClassLoader as parallel capable
[22:12:13] [Server thread/INFO]: [Destructor] Loading Destructor v0.0.1a
[22:12:13] [Server thread/INFO]: **** Beginning UUID conversion, this may take A LONG time ****
[22:12:13] [Server thread/INFO]: Preparing level "world"
[22:12:13] [Server thread/INFO]: -------- World Settings For [world] --------
[22:12:13] [Server thread/INFO]: Allow Zombie Pigmen to spawn from portal blocks: true
[22:12:13] [Server thread/INFO]: Arrow Despawn Rate: 1200
[22:12:13] [Server thread/INFO]: Item Despawn Rate: 6000
[22:12:13] [Server thread/INFO]: Item Merge Radius: 2.5
[22:12:13] [Server thread/INFO]: Max TNT Explosions: 100
[22:12:13] [Server thread/INFO]: Tile Max Tick Time: 50ms Entity max Tick Time: 50ms
[22:12:13] [Server thread/INFO]: Hopper Transfer: 8 Hopper Check: 1 Hopper Amount: 1
[22:12:13] [Server thread/INFO]: Random Lighting Updates: false
[22:12:13] [Server thread/INFO]: Structure Info Saving: true
[22:12:13] [Server thread/INFO]: View Distance: 10
[22:12:13] [Server thread/INFO]: Experience Merge Radius: 3.0
[22:12:13] [Server thread/INFO]: Nerfing mobs spawned from spawners: false
[22:12:13] [Server thread/INFO]: Zombie Aggressive Towards Villager: true
[22:12:13] [Server thread/INFO]: Entity Activation Range: An 32 / Mo 32 / Mi 16 / Tiv true
[22:12:13] [Server thread/INFO]: Entity Tracking Range: Pl 48 / An 48 / Mo 48 / Mi 32 / Other 64
[22:12:13] [Server thread/INFO]: Cactus Growth Modifier: 100%
[22:12:13] [Server thread/INFO]: Cane Growth Modifier: 100%
[22:12:13] [Server thread/INFO]: Melon Growth Modifier: 100%
[22:12:13] [Server thread/INFO]: Mushroom Growth Modifier: 100%
[22:12:13] [Server thread/INFO]: Pumpkin Growth Modifier: 100%
[22:12:13] [Server thread/INFO]: Sapling Growth Modifier: 100%
[22:12:13] [Server thread/INFO]: Wheat Growth Modifier: 100%
[22:12:13] [Server thread/INFO]: NetherWart Growth Modifier: 100%
[22:12:13] [Server thread/INFO]: Vine Growth Modifier: 100%
[22:12:13] [Server thread/INFO]: Cocoa Growth Modifier: 100%
[22:12:13] [Server thread/INFO]: Mob Spawn Range: 4
[22:12:13] [Server thread/INFO]: Custom Map Seeds:  Village: 10387312 Feature: 14357617 Monument: 10387313 Slime: 987234911
[22:12:13] [Server thread/INFO]: -------- World Settings For [world_nether] --------
[22:12:13] [Server thread/INFO]: Allow Zombie Pigmen to spawn from portal blocks: true
[22:12:13] [Server thread/INFO]: Arrow Despawn Rate: 1200
[22:12:13] [Server thread/INFO]: Item Despawn Rate: 6000
[22:12:13] [Server thread/INFO]: Item Merge Radius: 2.5
[22:12:13] [Server thread/INFO]: Max TNT Explosions: 100
[22:12:13] [Server thread/INFO]: Tile Max Tick Time: 50ms Entity max Tick Time: 50ms
[22:12:13] [Server thread/INFO]: Hopper Transfer: 8 Hopper Check: 1 Hopper Amount: 1
[22:12:13] [Server thread/INFO]: Random Lighting Updates: false
[22:12:13] [Server thread/INFO]: Structure Info Saving: true
[22:12:13] [Server thread/INFO]: View Distance: 10
[22:12:13] [Server thread/INFO]: Experience Merge Radius: 3.0
[22:12:13] [Server thread/INFO]: Nerfing mobs spawned from spawners: false
[22:12:13] [Server thread/INFO]: Zombie Aggressive Towards Villager: true
[22:12:13] [Server thread/INFO]: Entity Activation Range: An 32 / Mo 32 / Mi 16 / Tiv true
[22:12:13] [Server thread/INFO]: Entity Tracking Range: Pl 48 / An 48 / Mo 48 / Mi 32 / Other 64
[22:12:13] [Server thread/INFO]: Cactus Growth Modifier: 100%
[22:12:13] [Server thread/INFO]: Cane Growth Modifier: 100%
[22:12:13] [Server thread/INFO]: Melon Growth Modifier: 100%
[22:12:13] [Server thread/INFO]: Mushroom Growth Modifier: 100%
[22:12:13] [Server thread/INFO]: Pumpkin Growth Modifier: 100%
[22:12:13] [Server thread/INFO]: Sapling Growth Modifier: 100%
[22:12:13] [Server thread/INFO]: Wheat Growth Modifier: 100%
[22:12:13] [Server thread/INFO]: NetherWart Growth Modifier: 100%
[22:12:13] [Server thread/INFO]: Vine Growth Modifier: 100%
[22:12:13] [Server thread/INFO]: Cocoa Growth Modifier: 100%
[22:12:13] [Server thread/INFO]: Mob Spawn Range: 4
[22:12:13] [Server thread/INFO]: Custom Map Seeds:  Village: 10387312 Feature: 14357617 Monument: 10387313 Slime: 987234911
[22:12:13] [Server thread/INFO]: -------- World Settings For [world_the_end] --------
[22:12:13] [Server thread/INFO]: Allow Zombie Pigmen to spawn from portal blocks: true
[22:12:13] [Server thread/INFO]: Arrow Despawn Rate: 1200
[22:12:13] [Server thread/INFO]: Item Despawn Rate: 6000
[22:12:13] [Server thread/INFO]: Item Merge Radius: 2.5
[22:12:13] [Server thread/INFO]: Max TNT Explosions: 100
[22:12:13] [Server thread/INFO]: Tile Max Tick Time: 50ms Entity max Tick Time: 50ms
[22:12:13] [Server thread/INFO]: Hopper Transfer: 8 Hopper Check: 1 Hopper Amount: 1
[22:12:13] [Server thread/INFO]: Random Lighting Updates: false
[22:12:13] [Server thread/INFO]: Structure Info Saving: true
[22:12:13] [Server thread/INFO]: View Distance: 10
[22:12:13] [Server thread/INFO]: Experience Merge Radius: 3.0
[22:12:13] [Server thread/INFO]: Nerfing mobs spawned from spawners: false
[22:12:13] [Server thread/INFO]: Zombie Aggressive Towards Villager: true
[22:12:13] [Server thread/INFO]: Entity Activation Range: An 32 / Mo 32 / Mi 16 / Tiv true
[22:12:13] [Server thread/INFO]: Entity Tracking Range: Pl 48 / An 48 / Mo 48 / Mi 32 / Other 64
[22:12:13] [Server thread/INFO]: Cactus Growth Modifier: 100%
[22:12:13] [Server thread/INFO]: Cane Growth Modifier: 100%
[22:12:13] [Server thread/INFO]: Melon Growth Modifier: 100%
[22:12:13] [Server thread/INFO]: Mushroom Growth Modifier: 100%
[22:12:13] [Server thread/INFO]: Pumpkin Growth Modifier: 100%
[22:12:13] [Server thread/INFO]: Sapling Growth Modifier: 100%
[22:12:13] [Server thread/INFO]: Wheat Growth Modifier: 100%
[22:12:13] [Server thread/INFO]: NetherWart Growth Modifier: 100%
[22:12:13] [Server thread/INFO]: Vine Growth Modifier: 100%
[22:12:13] [Server thread/INFO]: Cocoa Growth Modifier: 100%
[22:12:13] [Server thread/INFO]: Mob Spawn Range: 4
[22:12:13] [Server thread/INFO]: Custom Map Seeds:  Village: 10387312 Feature: 14357617 Monument: 10387313 Slime: 987234911
[22:12:13] [Server thread/INFO]: Preparing start region for level 0 (Seed: 4399065385747400407)
[22:12:14] [Server thread/INFO]: Preparing spawn area: 91%
[22:12:14] [Server thread/INFO]: Preparing start region for level 1 (Seed: 4399065385747400407)
[22:12:15] [Server thread/INFO]: Preparing start region for level 2 (Seed: 4399065385747400407)
[22:12:15] [Server thread/INFO]: [Destructor] Enabling Destructor v0.0.1a
[22:12:15] [Server thread/INFO]: [Destructor] LOADING DESTRUCTOR PLUGIN
[22:12:15] [Server thread/INFO]: Server permissions file permissions.yml is empty, ignoring it
[22:12:15] [Server thread/INFO]: Done (2.190s)! For help, type "help" or "?"
[22:17:18] [Server thread/INFO]: Stopping the server
[22:17:18] [Server thread/INFO]: Stopping server
[22:17:18] [Server thread/INFO]: [Destructor] Disabling Destructor v0.0.1a
[22:17:18] [Server thread/INFO]: [Destructor] CLOSING DESTRUCTOR PLUGIN. Good Bye!
[22:17:18] [Server thread/INFO]: Saving players
[22:17:18] [Server thread/INFO]: Saving worlds
[22:17:18] [Server thread/INFO]: Saving chunks for level 'world'/overworld
[22:17:18] [Server thread/INFO]: Saving chunks for level 'world_nether'/the_nether
[22:17:18] [Server thread/INFO]: Saving chunks for level 'world_the_end'/the_end
